<?xml version="1.0" encoding="utf-8" standalone="no"?>
<test-results xmlns:xsi="http://www.w3.org/2001/XMLSchema-instance" xsi:noNamespaceSchemaLocation="nunit_schema_2.5.xsd" name="Pester" total="1" errors="0" failures="0" not-run="0" inconclusive="0" ignored="0" skipped="0" invalid="0" date="2016-12-19" time="20:01:07">
  <environment user="tsushi" machine-name="DESKTOP-5T7P7BA" cwd="C:\Users\tsushi\Codes\PowerShell\Pester\HelloWorldExample\HelloWorldExample" user-domain="FAREAST" platform="Microsoft Windows 10 Enterprise|C:\WINDOWS|\Device\Harddisk0\Partition3" nunit-version="2.5.8.0" os-version="10.0.14393" clr-version="4.0.30319.42000" />
  <culture-info current-culture="ja-JP" current-uiculture="en-US" />
  <test-suite type="PowerShell" name="Pester" executed="True" result="Success" success="True" time="0.0336" asserts="0">
    <results>
      <test-suite type="PowerShell" name="Get-HelloWorld" executed="True" result="Success" success="True" time="0.0336" asserts="0">
        <results>
          <test-case name="outputs 'Hello World!" time="0.0336" asserts="0" success="True" result="Success" executed="True" />
        </results>
      </test-suite>
    </results>
  </test-suite>
</test-results>